2025-11-30 16:38:11 DEBUG PackageRelationshipCollection:307 -
			Parsing relationship: /xl/_rels/workbook.xml.rels
2025-11-30 16:38:11 DEBUG PackageRelationshipCollection:307 -
			Parsing relationship: /xl/worksheets/_rels/sheet1.xml.rels
2025-11-30 16:38:11 DEBUG PackageRelationshipCollection:307 -
			Parsing relationship: /_rels/.rels
2025-11-30 16:38:15 DEBUG PackageRelationshipCollection:307 -
			Parsing relationship: /xl/_rels/workbook.xml.rels
2025-11-30 16:38:15 DEBUG PackageRelationshipCollection:307 -
			Parsing relationship: /xl/worksheets/_rels/sheet1.xml.rels
2025-11-30 16:38:15 DEBUG PackageRelationshipCollection:307 -
			Parsing relationship: /_rels/.rels
2025-11-30 16:38:15 DEBUG PackageRelationshipCollection:307 -
			Parsing relationship: /xl/_rels/workbook.xml.rels
2025-11-30 16:38:15 DEBUG PackageRelationshipCollection:307 -
			Parsing relationship: /xl/worksheets/_rels/sheet1.xml.rels
2025-11-30 16:38:15 DEBUG PackageRelationshipCollection:307 -
			Parsing relationship: /_rels/.rels
2025-11-30 16:38:15 DEBUG PackageRelationshipCollection:307 -
			Parsing relationship: /xl/_rels/workbook.xml.rels
2025-11-30 16:38:15 DEBUG PackageRelationshipCollection:307 -
			Parsing relationship: /xl/worksheets/_rels/sheet1.xml.rels
2025-11-30 16:38:15 DEBUG PackageRelationshipCollection:307 -
			Parsing relationship: /_rels/.rels
2025-11-30 16:38:15 DEBUG PackageRelationshipCollection:307 -
			Parsing relationship: /xl/_rels/workbook.xml.rels
2025-11-30 16:38:15 DEBUG PackageRelationshipCollection:307 -
			Parsing relationship: /xl/worksheets/_rels/sheet1.xml.rels
2025-11-30 16:38:16 DEBUG PackageRelationshipCollection:307 -
			Parsing relationship: /_rels/.rels
2025-11-30 16:38:16 DEBUG PackageRelationshipCollection:307 -
			Parsing relationship: /xl/_rels/workbook.xml.rels
2025-11-30 16:38:16 DEBUG PackageRelationshipCollection:307 -
			Parsing relationship: /xl/worksheets/_rels/sheet1.xml.rels
2025-11-30 16:38:16 DEBUG PackageRelationshipCollection:307 -
			Parsing relationship: /_rels/.rels
2025-11-30 16:38:16 DEBUG PackageRelationshipCollection:307 -
			Parsing relationship: /xl/_rels/workbook.xml.rels
2025-11-30 16:38:16 DEBUG PackageRelationshipCollection:307 -
			Parsing relationship: /xl/worksheets/_rels/sheet1.xml.rels
2025-11-30 16:38:16 DEBUG PackageRelationshipCollection:307 -
			Parsing relationship: /_rels/.rels
2025-11-30 16:38:16 DEBUG PackageRelationshipCollection:307 -
			Parsing relationship: /xl/_rels/workbook.xml.rels
2025-11-30 16:38:16 DEBUG PackageRelationshipCollection:307 -
			Parsing relationship: /xl/worksheets/_rels/sheet1.xml.rels
2025-11-30 16:38:16 DEBUG PackageRelationshipCollection:307 -
			Parsing relationship: /_rels/.rels
2025-11-30 16:38:16 DEBUG PackageRelationshipCollection:307 -
			Parsing relationship: /xl/_rels/workbook.xml.rels
2025-11-30 16:38:16 DEBUG PackageRelationshipCollection:307 -
			Parsing relationship: /xl/worksheets/_rels/sheet1.xml.rels
2025-11-30 16:38:16 DEBUG PackageRelationshipCollection:307 -
			Parsing relationship: /_rels/.rels
2025-11-30 16:38:16 DEBUG PackageRelationshipCollection:307 -
			Parsing relationship: /xl/_rels/workbook.xml.rels
2025-11-30 16:38:16 DEBUG PackageRelationshipCollection:307 -
			Parsing relationship: /xl/worksheets/_rels/sheet1.xml.rels
2025-11-30 16:38:16 DEBUG PackageRelationshipCollection:307 -
			Parsing relationship: /_rels/.rels
2025-11-30 16:38:16 DEBUG PackageRelationshipCollection:307 -
			Parsing relationship: /xl/_rels/workbook.xml.rels
2025-11-30 16:38:16 DEBUG PackageRelationshipCollection:307 -
			Parsing relationship: /xl/worksheets/_rels/sheet1.xml.rels
2025-11-30 16:38:16 DEBUG PackageRelationshipCollection:307 -
			Parsing relationship: /_rels/.rels
2025-11-30 16:38:16 DEBUG PackageRelationshipCollection:307 -
			Parsing relationship: /xl/_rels/workbook.xml.rels
2025-11-30 16:38:16 DEBUG PackageRelationshipCollection:307 -
			Parsing relationship: /xl/worksheets/_rels/sheet1.xml.rels
2025-11-30 16:38:16 DEBUG PackageRelationshipCollection:307 -
			Parsing relationship: /_rels/.rels
2025-11-30 16:38:16 DEBUG PackageRelationshipCollection:307 -
			Parsing relationship: /xl/_rels/workbook.xml.rels
2025-11-30 16:38:16 DEBUG PackageRelationshipCollection:307 -
			Parsing relationship: /xl/worksheets/_rels/sheet1.xml.rels
2025-11-30 16:38:16 DEBUG PackageRelationshipCollection:307 -
			Parsing relationship: /_rels/.rels
2025-11-30 16:38:16 DEBUG PackageRelationshipCollection:307 -
			Parsing relationship: /xl/_rels/workbook.xml.rels
2025-11-30 16:38:16 DEBUG PackageRelationshipCollection:307 -
			Parsing relationship: /xl/worksheets/_rels/sheet1.xml.rels
2025-11-30 16:38:16 DEBUG PackageRelationshipCollection:307 -
			Parsing relationship: /_rels/.rels
2025-11-30 16:42:02 INFO  TC001_AccountRegistrationTest:24 -
			-------Starting TC001_AccountRegistrationTest--------
2025-11-30 16:42:08 INFO  TC001_AccountRegistrationTest:32 -
			...providinmg customer details....
2025-11-30 16:42:10 INFO  TC001_AccountRegistrationTest:47 -
			...Validating message....
2025-11-30 16:44:28 INFO  TC001_AccountRegistrationTest:24 -
			-------Starting TC001_AccountRegistrationTest--------
2025-11-30 16:44:37 ERROR TC001_AccountRegistrationTest:52 -
			----Test Failed------
2025-11-30 16:44:37 DEBUG TC001_AccountRegistrationTest:53 -
			-----Debug Log-------
2025-11-30 16:46:22 INFO  TC001_AccountRegistrationTest:24 -
			-------Starting TC001_AccountRegistrationTest--------
2025-11-30 16:46:23 ERROR TC001_AccountRegistrationTest:52 -
			----Test Failed------
2025-11-30 16:46:23 DEBUG TC001_AccountRegistrationTest:53 -
			-----Debug Log-------
2025-11-30 16:46:50 INFO  TC001_AccountRegistrationTest:24 -
			-------Starting TC001_AccountRegistrationTest--------
2025-11-30 16:46:51 INFO  TC001_AccountRegistrationTest:32 -
			...providinmg customer details....
2025-11-30 16:53:31 INFO  TC001_AccountRegistrationTest:24 -
			-------Starting TC001_AccountRegistrationTest--------
2025-11-30 16:53:32 INFO  TC001_AccountRegistrationTest:32 -
			...providinmg customer details....
2025-11-30 16:53:32 ERROR TC001_AccountRegistrationTest:52 -
			----Test Failed------
2025-11-30 16:53:32 DEBUG TC001_AccountRegistrationTest:53 -
			-----Debug Log-------
2025-11-30 17:55:47 INFO  TC001_AccountRegistrationTest:24 -
			-------Starting TC001_AccountRegistrationTest--------
2025-11-30 17:55:49 INFO  TC001_AccountRegistrationTest:32 -
			...providinmg customer details....
2025-11-30 17:55:52 INFO  TC001_AccountRegistrationTest:47 -
			...Validating message....
2025-11-30 17:55:52 INFO  TC001_AccountRegistrationTest:60 -
			-------Finished TC001_AccountRegistrationTest--------
2025-11-30 17:56:00 INFO  TC002_LoginTest:28 -
			----Entering email and password-----
2025-11-30 17:56:01 INFO  TC002_LoginTest:32 -
			---Click Login----
2025-11-30 18:10:31 INFO  TC001_AccountRegistrationTest:24 -
			-------Starting TC001_AccountRegistrationTest--------
2025-11-30 18:10:33 INFO  TC001_AccountRegistrationTest:32 -
			...providinmg customer details....
2025-11-30 18:10:36 INFO  TC001_AccountRegistrationTest:47 -
			...Validating message....
2025-11-30 18:10:36 INFO  TC001_AccountRegistrationTest:60 -
			-------Finished TC001_AccountRegistrationTest--------
2025-11-30 18:10:43 INFO  TC002_LoginTest:28 -
			----Entering email and password-----
2025-11-30 18:10:43 INFO  TC002_LoginTest:32 -
			---Click Login----
